[2015-12-05 23:57:48:213] ExecutableMemoryAccess - Reading executable bytes took: 1.835426123
[2015-12-05 23:57:51:180] ExecutableMemoryAccess - Dumped section __TEXT,__text, took: 1.190271274
[2015-12-05 23:57:51:186] ExecutableMemoryAccess - Dumped section __TEXT,__const, took: 0.005593856
[2015-12-05 23:57:51:187] ExecutableMemoryAccess - Dumped section __DATA,__const, took: 9.94798E-4
[2015-12-05 23:57:51:188] ExecutableMemoryAccess - Dumped section __DATA,__data, took: 9.05612E-4
[2015-12-05 23:57:51:188] ExecutableMemoryAccess - Parsing sections took: 4.824406257
[2015-12-05 23:57:52:612] ExecutableSymbolLookup - Reading nm output took: 6.304981536
[2015-12-05 23:57:54:173] ExecutableSymbolLookup - Parsing nm output took: 1.560477372
[2015-12-05 23:57:54:173] ExecutableSymbolLookup - Parsing symbols took: 7.865800537
[2015-12-05 23:58:03:868] DebugLaunchPlugin - Got port address in 11.22768934secs
[2015-12-05 23:58:03:924] SoftDebugger - Established connection to app on port 51417
[2015-12-05 23:58:03:924] DebugChannel - Starting debug channel thread
[2015-12-05 23:58:03:926] ClassInfoParser - Reading boot classes info
[2015-12-05 23:58:03:978] ClassInfoParser - Took 0.050813964
[2015-12-05 23:58:03:979] ClassInfoParser - Reading classes info
[2015-12-05 23:58:04:000] ClassInfoParser - Took 0.021415461
[2015-12-05 23:58:05:808] DebugChannel - Event: Thread attached, java obj: 0x11601bf30, thread: 0x11601aee0
[2015-12-05 23:58:05:951] SoftDebugger - Loading class infos took: 2.026838581secs
[2015-12-05 23:58:05:973] SoftDebugger - Loading class infos and adjusting addresses took: 2.049229818secs
[2015-12-05 23:58:06:019] SoftDebugger - Thread main attached
[2015-12-05 23:58:06:020] DebugLaunchPlugin - Waiting for JDWP client to connect
[2015-12-05 23:58:06:020] SocketTransport - Connecting for transport dt_socket at address: 51407
[2015-12-05 23:58:06:032] DebugLaunchPlugin - Waiting for the debugger to settle...
[2015-12-05 23:58:06:042] DebugLaunchPlugin - Waiting for the debugger to settle...
[2015-12-05 23:58:06:051] JdwpDebugServer - Command: ap(1 7) id = 1 length = 0
[2015-12-05 23:58:06:055] DebugLaunchPlugin - Waiting for the debugger to settle...
[2015-12-05 23:58:06:060] JdwpDebugServer - Command: m(15 1) id = 3 length = 6
[2015-12-05 23:58:06:062] JdwpDebugServer - Command: m(15 1) id = 5 length = 6
[2015-12-05 23:58:06:066] DebugLaunchPlugin - Waiting for the debugger to settle...
[2015-12-05 23:58:06:077] DebugLaunchPlugin - Waiting for the debugger to settle...
[2015-12-05 23:58:06:078] JdwpDebugServer - Command: at(1 1) id = 7 length = 0
[2015-12-05 23:58:06:086] JdwpDebugServer - Command: ai(1 17) id = 9 length = 0
[2015-12-05 23:58:06:087] JdwpDebugServer - Command: ah(1 12) id = 11 length = 0
[2015-12-05 23:58:06:089] DebugLaunchPlugin - Waiting for the debugger to settle...
[2015-12-05 23:58:06:090] JdwpDebugServer - Command: af(1 20) id = 13 length = 0
[2015-12-05 23:58:06:100] DebugLaunchPlugin - Waiting for the debugger to settle...
[2015-12-05 23:58:06:113] DebugLaunchPlugin - Waiting for the debugger to settle...
[2015-12-05 23:58:06:126] DebugLaunchPlugin - Waiting for the debugger to settle...
[2015-12-05 23:58:06:136] DebugLaunchPlugin - Waiting for the debugger to settle...
[2015-12-05 23:58:06:148] DebugLaunchPlugin - Waiting for the debugger to settle...
[2015-12-05 23:58:06:159] DebugLaunchPlugin - Waiting for the debugger to settle...
[2015-12-05 23:58:06:169] DebugLaunchPlugin - Waiting for the debugger to settle...
[2015-12-05 23:58:06:182] DebugLaunchPlugin - Waiting for the debugger to settle...
[2015-12-05 23:58:06:191] JdwpDebugServer - Command: as(1 5) id = 15 length = 0
[2015-12-05 23:58:06:193] DebugLaunchPlugin - Waiting for the debugger to settle...
[2015-12-05 23:58:06:203] DebugLaunchPlugin - Waiting for the debugger to settle...
[2015-12-05 23:58:06:214] DebugLaunchPlugin - Waiting for the debugger to settle...
[2015-12-05 23:58:06:220] JdwpDebugServer - Command: m(15 1) id = 17 length = 6
[2015-12-05 23:58:06:221] JdwpDebugServer - Command: m(15 1) id = 19 length = 6
[2015-12-05 23:58:06:226] DebugLaunchPlugin - Waiting for the debugger to settle...
[2015-12-05 23:58:06:238] DebugLaunchPlugin - Waiting for the debugger to settle...
[2015-12-05 23:58:06:250] DebugLaunchPlugin - Waiting for the debugger to settle...
[2015-12-05 23:58:06:260] DebugLaunchPlugin - Waiting for the debugger to settle...
[2015-12-05 23:58:06:273] DebugLaunchPlugin - Waiting for the debugger to settle...
[2015-12-05 23:58:06:285] DebugLaunchPlugin - Waiting for the debugger to settle...
[2015-12-05 23:58:06:296] DebugLaunchPlugin - Waiting for the debugger to settle...
[2015-12-05 23:58:06:306] DebugLaunchPlugin - Waiting for the debugger to settle...
[2015-12-05 23:58:06:317] DebugLaunchPlugin - Waiting for the debugger to settle...
[2015-12-05 23:58:06:328] DebugLaunchPlugin - Waiting for the debugger to settle...
[2015-12-05 23:58:06:339] DebugLaunchPlugin - Waiting for the debugger to settle...
[2015-12-05 23:58:06:351] DebugLaunchPlugin - Waiting for the debugger to settle...
[2015-12-05 23:58:06:362] DebugLaunchPlugin - Waiting for the debugger to settle...
[2015-12-05 23:58:06:373] DebugLaunchPlugin - Waiting for the debugger to settle...
[2015-12-05 23:58:06:386] DebugLaunchPlugin - Waiting for the debugger to settle...
[2015-12-05 23:58:06:397] DebugLaunchPlugin - Waiting for the debugger to settle...
[2015-12-05 23:58:06:492] DebugLaunchPlugin - Waiting for the debugger to settle...
[2015-12-05 23:58:06:505] DebugLaunchPlugin - Waiting for the debugger to settle...
[2015-12-05 23:58:06:515] DebugLaunchPlugin - Waiting for the debugger to settle...
[2015-12-05 23:58:06:526] DebugLaunchPlugin - Waiting for the debugger to settle...
[2015-12-05 23:58:06:536] DebugLaunchPlugin - Waiting for the debugger to settle...
[2015-12-05 23:58:06:547] DebugLaunchPlugin - Waiting for the debugger to settle...
[2015-12-05 23:58:06:558] DebugLaunchPlugin - Waiting for the debugger to settle...
[2015-12-05 23:58:06:570] DebugLaunchPlugin - Waiting for the debugger to settle...
[2015-12-05 23:58:06:581] DebugLaunchPlugin - Waiting for the debugger to settle...
[2015-12-05 23:58:06:591] DebugLaunchPlugin - Waiting for the debugger to settle...
[2015-12-05 23:58:06:601] DebugLaunchPlugin - Waiting for the debugger to settle...
[2015-12-05 23:58:06:612] DebugLaunchPlugin - Waiting for the debugger to settle...
[2015-12-05 23:58:06:622] DebugLaunchPlugin - Waiting for the debugger to settle...
[2015-12-05 23:58:06:633] DebugLaunchPlugin - Waiting for the debugger to settle...
[2015-12-05 23:58:06:644] DebugLaunchPlugin - Waiting for the debugger to settle...
[2015-12-05 23:58:06:655] DebugLaunchPlugin - Waiting for the debugger to settle...
[2015-12-05 23:58:06:666] DebugLaunchPlugin - Waiting for the debugger to settle...
[2015-12-05 23:58:06:678] DebugLaunchPlugin - Waiting for the debugger to settle...
[2015-12-05 23:58:06:689] DebugLaunchPlugin - Waiting for the debugger to settle...
[2015-12-05 23:58:06:700] DebugLaunchPlugin - Waiting for the debugger to settle...
[2015-12-05 23:58:06:711] DebugLaunchPlugin - Waiting for the debugger to settle...
[2015-12-05 23:58:06:722] DebugLaunchPlugin - Waiting for the debugger to settle...
[2015-12-05 23:58:06:733] DebugLaunchPlugin - Waiting for the debugger to settle...
[2015-12-05 23:58:06:743] DebugLaunchPlugin - Waiting for the debugger to settle...
[2015-12-05 23:58:06:756] DebugLaunchPlugin - Waiting for the debugger to settle...
[2015-12-05 23:58:06:766] DebugLaunchPlugin - Waiting for the debugger to settle...
[2015-12-05 23:58:06:777] DebugLaunchPlugin - Waiting for the debugger to settle...
[2015-12-05 23:58:06:789] DebugLaunchPlugin - Waiting for the debugger to settle...
[2015-12-05 23:58:06:800] DebugLaunchPlugin - Waiting for the debugger to settle...
[2015-12-05 23:58:06:812] DebugLaunchPlugin - Waiting for the debugger to settle...
[2015-12-05 23:58:06:828] DebugLaunchPlugin - Waiting for the debugger to settle...
[2015-12-05 23:58:06:839] DebugLaunchPlugin - Waiting for the debugger to settle...
[2015-12-05 23:58:06:850] DebugLaunchPlugin - Waiting for the debugger to settle...
[2015-12-05 23:58:06:894] DebugLaunchPlugin - Waiting for the debugger to settle...
[2015-12-05 23:58:06:906] DebugLaunchPlugin - Waiting for the debugger to settle...
[2015-12-05 23:58:06:918] DebugLaunchPlugin - Waiting for the debugger to settle...
[2015-12-05 23:58:06:928] DebugLaunchPlugin - Waiting for the debugger to settle...
[2015-12-05 23:58:06:939] DebugLaunchPlugin - Waiting for the debugger to settle...
[2015-12-05 23:58:06:950] DebugLaunchPlugin - Waiting for the debugger to settle...
[2015-12-05 23:58:06:962] DebugLaunchPlugin - Waiting for the debugger to settle...
[2015-12-05 23:58:06:973] DebugLaunchPlugin - Waiting for the debugger to settle...
[2015-12-05 23:58:06:985] DebugLaunchPlugin - Waiting for the debugger to settle...
[2015-12-05 23:58:06:996] DebugLaunchPlugin - Waiting for the debugger to settle...
[2015-12-05 23:58:07:008] DebugLaunchPlugin - Waiting for the debugger to settle...
[2015-12-05 23:58:07:021] DebugLaunchPlugin - Waiting for the debugger to settle...
[2015-12-05 23:58:07:031] DebugLaunchPlugin - Waiting for the debugger to settle...
[2015-12-05 23:58:07:042] DebugLaunchPlugin - Waiting for the debugger to settle...
[2015-12-05 23:58:07:052] DebugLaunchPlugin - Waiting for the debugger to settle...
[2015-12-05 23:58:07:064] DebugLaunchPlugin - Waiting for the debugger to settle...
[2015-12-05 23:58:07:079] DebugLaunchPlugin - Waiting for the debugger to settle...
[2015-12-05 23:58:07:091] DebugLaunchPlugin - Waiting for the debugger to settle...
[2015-12-05 23:58:07:102] DebugLaunchPlugin - Waiting for the debugger to settle...
[2015-12-05 23:58:07:112] DebugLaunchPlugin - Waiting for the debugger to settle...
[2015-12-05 23:58:07:122] DebugLaunchPlugin - Waiting for the debugger to settle...
[2015-12-05 23:58:07:134] DebugLaunchPlugin - Waiting for the debugger to settle...
[2015-12-05 23:58:07:144] DebugLaunchPlugin - Waiting for the debugger to settle...
[2015-12-05 23:58:07:155] DebugLaunchPlugin - Waiting for the debugger to settle...
[2015-12-05 23:58:07:166] DebugLaunchPlugin - Waiting for the debugger to settle...
[2015-12-05 23:58:07:177] DebugLaunchPlugin - Waiting for the debugger to settle...
[2015-12-05 23:58:07:189] DebugLaunchPlugin - Waiting for the debugger to settle...
[2015-12-05 23:58:07:201] DebugLaunchPlugin - Waiting for the debugger to settle...
[2015-12-05 23:58:07:213] DebugLaunchPlugin - Waiting for the debugger to settle...
[2015-12-05 23:58:07:224] DebugLaunchPlugin - Debugger has settled. Resuming inferior.
[2015-12-05 23:58:10:070] DebugChannel - Event: Thread stopped, reason: Exception, java obj: 0x11601bf30, thread: 0x11601aee0, frames: 15
[2015-12-05 23:58:10:220] SoftDebugger - Reconstructing frames took: 0.147627411secs
[2015-12-05 23:58:10:234] JdwpDebugServer - Command: m(15 1) id = 21 length = 33
[2015-12-05 23:58:10:234] SoftJdwpEventProcessor - Set up class load event with filter: sample.ios.IOSLauncher
[2015-12-05 23:58:10:257] DebugChannel - Event: Thread resumed, java obj: 0x11601bf30, thread: 0x11601aee0
[2015-12-05 23:58:10:308] DebugChannel - Event: Thread stopped, reason: Exception, java obj: 0x11601bf30, thread: 0x11601aee0, frames: 10
[2015-12-05 23:58:10:308] SoftDebugger - Reconstructing frames took: 2.86442E-4secs
[2015-12-05 23:58:10:309] DebugChannel - Event: Thread resumed, java obj: 0x11601bf30, thread: 0x11601aee0
[2015-12-05 23:58:10:310] DebugChannel - Event: Thread attached, java obj: 0x11601bea0, thread: 0x11601ae00
[2015-12-05 23:58:10:312] DebugChannel - Event: Thread attached, java obj: 0x11601bd80, thread: 0x11601ad20
[2015-12-05 23:58:10:312] DebugChannel - Event: Thread attached, java obj: 0x11601bc60, thread: 0x11601ac40
[2015-12-05 23:58:10:317] SoftDebugger - Thread ReferenceQueueDaemon attached
[2015-12-05 23:58:10:317] SoftJdwpEventProcessor - processing thread start event
[2015-12-05 23:58:10:325] SoftDebugger - Thread FinalizerDaemon attached
[2015-12-05 23:58:10:325] SoftJdwpEventProcessor - processing thread start event
[2015-12-05 23:58:10:367] SoftDebugger - Thread FinalizerWatchdogDaemon attached
[2015-12-05 23:58:10:386] SoftJdwpEventProcessor - processing thread start event
[2015-12-05 23:58:10:389] SoftJdwpEventProcessor - Reporting class prepare event EventRequest [id=4, eventKind=CLASS_PREPARE, suspendPolicy=EVENT_THREAD, constraints=[ClassMatchConstraint [classPattern=sample.ios.IOSLauncher]]] to JDWP client for class sample/ios/IOSLauncher
[2015-12-05 23:58:10:389] JdwpDebugServer - Command: G(2 15) id = 26 length = 8
[2015-12-05 23:58:10:390] SoftVmInterface - Reporting method: sample/ios/IOSLauncher.main
[2015-12-05 23:58:10:390] SoftVmInterface - Reporting method: sample/ios/IOSLauncher.createApplication
[2015-12-05 23:58:10:390] SoftVmInterface - Reporting method: sample/ios/IOSLauncher.<init>
[2015-12-05 23:58:10:390] SoftVmInterface - Reporting method: sample/ios/IOSLauncher.$cb$init
[2015-12-05 23:58:10:390] SoftVmInterface - Reporting method: sample/ios/IOSLauncher.$setHandle
[2015-12-05 23:58:10:390] SoftVmInterface - Reporting method: sample/ios/IOSLauncher.$cb$initWithCoder$
[2015-12-05 23:58:10:390] SoftVmInterface - Reporting method: sample/ios/IOSLauncher.$m$super$initWithCoder$
[2015-12-05 23:58:10:390] SoftVmInterface - Reporting method: sample/ios/IOSLauncher.$getSuper
[2015-12-05 23:58:10:390] SoftVmInterface - Reporting method: sample/ios/IOSLauncher.$initObject
[2015-12-05 23:58:10:390] SoftVmInterface - Reporting method: sample/ios/IOSLauncher.<clinit>
[2015-12-05 23:58:10:403] JdwpDebugServer - Command: n(6 1) id = 29 length = 16
[2015-12-05 23:58:10:453] SoftVmInterface - Reporting line numbers for method sample/ios/IOSLauncher.main: [33, 36]
[2015-12-05 23:58:10:456] JdwpDebugServer - Command: n(6 1) id = 31 length = 16
[2015-12-05 23:58:10:456] SoftVmInterface - Reporting line numbers for method sample/ios/IOSLauncher.createApplication: [39, 40]
[2015-12-05 23:58:10:456] JdwpDebugServer - Command: n(6 1) id = 33 length = 16
[2015-12-05 23:58:10:456] SoftVmInterface - Reporting line numbers for method sample/ios/IOSLauncher.<init>: [24]
[2015-12-05 23:58:10:456] JdwpDebugServer - Command: n(6 1) id = 35 length = 16
[2015-12-05 23:58:10:457] SoftVmInterface - Reporting line numbers for method sample/ios/IOSLauncher.$cb$init: [1048579]
[2015-12-05 23:58:10:457] JdwpDebugServer - Command: n(6 1) id = 37 length = 16
[2015-12-05 23:58:10:457] SoftVmInterface - Reporting line numbers for method sample/ios/IOSLauncher.$setHandle: [1048580]
[2015-12-05 23:58:10:457] JdwpDebugServer - Command: n(6 1) id = 39 length = 16
[2015-12-05 23:58:10:457] SoftVmInterface - Reporting line numbers for method sample/ios/IOSLauncher.$cb$initWithCoder$: [1048581]
[2015-12-05 23:58:10:458] JdwpDebugServer - Command: n(6 1) id = 41 length = 16
[2015-12-05 23:58:10:458] SoftVmInterface - Reporting line numbers for method sample/ios/IOSLauncher.$getSuper: [1048583]
[2015-12-05 23:58:10:458] JdwpDebugServer - Command: n(6 1) id = 43 length = 16
[2015-12-05 23:58:10:459] SoftVmInterface - Reporting line numbers for method sample/ios/IOSLauncher.$initObject: [1048584]
[2015-12-05 23:58:10:459] JdwpDebugServer - Command: n(6 1) id = 45 length = 16
[2015-12-05 23:58:10:459] SoftVmInterface - Reporting line numbers for method sample/ios/IOSLauncher.<clinit>: [1048585]
[2015-12-05 23:58:10:464] JdwpDebugServer - Command: K(2 7) id = 47 length = 8
[2015-12-05 23:58:10:739] JdwpDebugServer - Command: m(15 1) id = 49 length = 32
[2015-12-05 23:58:10:757] SoftJdwpEventProcessor - Set breakpoint at sample/ios/IOSLauncher.main([Ljava/lang/String;)V:33
[2015-12-05 23:58:10:806] JdwpDebugServer - Command: m(15 1) id = 51 length = 32
[2015-12-05 23:58:10:807] SoftJdwpEventProcessor - Set breakpoint at sample/ios/IOSLauncher.main([Ljava/lang/String;)V:33
[2015-12-05 23:58:10:888] JdwpDebugServer - Command: Y(11 3) id = 53 length = 8
[2015-12-05 23:58:10:907] DebugChannel - Event: Thread resumed, java obj: 0x11601bf30, thread: 0x11601aee0
[2015-12-05 23:58:10:907] DebugChannel - Event: Thread detached, java obj: 0x11601bf30, thread: 0x11601aee0, exception: 0x1160913c0
[2015-12-05 23:58:10:912] SoftDebugger - Thread main dettached
[2015-12-05 23:58:10:935] DebugChannel - Error in debug channel thread: null
[2015-12-05 23:58:10:935] DebugChannel - Shutting down debug channel thread
[2015-12-05 23:58:10:935] SoftJdwpEventProcessor - processing thread death event
[2015-12-05 23:58:10:995] JdwpDebugServer - Command: ao(1 10) id = 56 length = 4
[2015-12-05 23:58:11:004] JdwpDebugServer - java.io.IOException: eof
	at com.robovm.debug.server.b.b.b.q(Unknown.java:161)
	at com.robovm.debug.server.b.b.b.e(Unknown.java:70)
	at com.robovm.debug.server.b.p.a(Unknown.java:7373)
	at com.robovm.debug.server.b.q.run(Unknown.java:277)
[2015-12-05 23:58:11:004] SocketTransport - Connecting for transport dt_socket at address: 51407
[2015-12-05 23:58:15:937] SoftJdwpEventProcessor - processing vm death event
[2015-12-05 23:58:15:938] SoftDebugger - Shutting down event loop thread
[2015-12-05 23:58:15:943] DebugLaunchPlugin - Shutting down JDWP server
